Watching for file changes with StatReloader
Performing system checks...

System check identified no issues (0 silenced).
January 10, 2026 - 17:51:26
Django version 6.0, using settings 'alx_backend_graphql.settings'
Starting development server at http://127.0.0.1:8000/
Quit the server with CONTROL-C.

WARNING: This is a development server. Do not use it in a production setting. Use a production WSGI or ASGI server instead.
For more information on production servers see: https://docs.djangoproject.com/en/6.0/howto/deployment/
Not Found: /
[10/Jan/2026 17:52:05] "GET / HTTP/1.1" 404 2410
[10/Jan/2026 17:52:15] "GET /graphql HTTP/1.1" 200 2611
[10/Jan/2026 17:52:15] "GET /static/graphene_django/graphiql.js HTTP/1.1" 304 0
[10/Jan/2026 17:52:15] "POST /graphql HTTP/1.1" 200 27615
Bad Request: /graphql
[10/Jan/2026 17:51:23] "POST /graphql HTTP/1.1" 400 112
Bad Request: /graphql
[10/Jan/2026 17:51:48] "POST /graphql HTTP/1.1" 400 138
/root/alx/backend/alx-backend-graphql_crm/crm/schema.py changed, reloading.
Watching for file changes with StatReloader
Performing system checks...

System check identified no issues (0 silenced).
January 10, 2026 - 17:55:10
Django version 6.0, using settings 'alx_backend_graphql.settings'
Starting development server at http://127.0.0.1:8000/
Quit the server with CONTROL-C.

WARNING: This is a development server. Do not use it in a production setting. Use a production WSGI or ASGI server instead.
For more information on production servers see: https://docs.djangoproject.com/en/6.0/howto/deployment/
/root/alx/backend/alx-backend-graphql_crm/crm/schema.py changed, reloading.
Watching for file changes with StatReloader
Performing system checks...

System check identified no issues (0 silenced).
January 10, 2026 - 17:55:38
Django version 6.0, using settings 'alx_backend_graphql.settings'
Starting development server at http://127.0.0.1:8000/
Quit the server with CONTROL-C.

WARNING: This is a development server. Do not use it in a production setting. Use a production WSGI or ASGI server instead.
For more information on production servers see: https://docs.djangoproject.com/en/6.0/howto/deployment/
/root/alx/backend/alx-backend-graphql_crm/crm/schema.py changed, reloading.
Watching for file changes with StatReloader
Performing system checks...

System check identified no issues (0 silenced).
January 10, 2026 - 17:56:16
Django version 6.0, using settings 'alx_backend_graphql.settings'
Starting development server at http://127.0.0.1:8000/
Quit the server with CONTROL-C.

WARNING: This is a development server. Do not use it in a production setting. Use a production WSGI or ASGI server instead.
For more information on production servers see: https://docs.djangoproject.com/en/6.0/howto/deployment/
/root/alx/backend/alx-backend-graphql_crm/crm/schema.py changed, reloading.
Watching for file changes with StatReloader
Performing system checks...

System check identified no issues (0 silenced).
January 10, 2026 - 17:57:21
Django version 6.0, using settings 'alx_backend_graphql.settings'
Starting development server at http://127.0.0.1:8000/
Quit the server with CONTROL-C.

WARNING: This is a development server. Do not use it in a production setting. Use a production WSGI or ASGI server instead.
For more information on production servers see: https://docs.djangoproject.com/en/6.0/howto/deployment/
/root/alx/backend/alx-backend-graphql_crm/crm/schema.py changed, reloading.
Watching for file changes with StatReloader
Performing system checks...

System check identified no issues (0 silenced).
January 10, 2026 - 18:01:24
Django version 6.0, using settings 'alx_backend_graphql.settings'
Starting development server at http://127.0.0.1:8000/
Quit the server with CONTROL-C.

WARNING: This is a development server. Do not use it in a production setting. Use a production WSGI or ASGI server instead.
For more information on production servers see: https://docs.djangoproject.com/en/6.0/howto/deployment/
/root/alx/backend/alx-backend-graphql_crm/crm/schema.py changed, reloading.
Watching for file changes with StatReloader
Performing system checks...

System check identified no issues (0 silenced).
January 10, 2026 - 18:03:13
Django version 6.0, using settings 'alx_backend_graphql.settings'
Starting development server at http://127.0.0.1:8000/
Quit the server with CONTROL-C.

WARNING: This is a development server. Do not use it in a production setting. Use a production WSGI or ASGI server instead.
For more information on production servers see: https://docs.djangoproject.com/en/6.0/howto/deployment/
Bad Request: /graphql
[10/Jan/2026 18:03:27] "POST /graphql HTTP/1.1" 400 248
/root/alx/backend/alx-backend-graphql_crm/crm/schema.py changed, reloading.
Watching for file changes with StatReloader
Performing system checks...

/root/alx/backend/alx-backend-graphql_crm/.env/lib/python3.12/site-packages/graphene_django/types.py:88: UserWarning: Field name "createdAt" doesn't exist on Django model "crm.Customer". Consider removing the field from the "fields" list of DjangoObjectType "CustomerType" because it has no effect.
  warnings.warn(
System check identified no issues (0 silenced).
January 10, 2026 - 18:04:04
Django version 6.0, using settings 'alx_backend_graphql.settings'
Starting development server at http://127.0.0.1:8000/
Quit the server with CONTROL-C.

WARNING: This is a development server. Do not use it in a production setting. Use a production WSGI or ASGI server instead.
For more information on production servers see: https://docs.djangoproject.com/en/6.0/howto/deployment/
/root/alx/backend/alx-backend-graphql_crm/crm/schema.py changed, reloading.
Watching for file changes with StatReloader
Performing system checks...

System check identified no issues (0 silenced).
January 10, 2026 - 18:04:12
Django version 6.0, using settings 'alx_backend_graphql.settings'
Starting development server at http://127.0.0.1:8000/
Quit the server with CONTROL-C.

WARNING: This is a development server. Do not use it in a production setting. Use a production WSGI or ASGI server instead.
For more information on production servers see: https://docs.djangoproject.com/en/6.0/howto/deployment/
Bad Request: /graphql
[10/Jan/2026 18:04:15] "POST /graphql HTTP/1.1" 400 142
/root/alx/backend/alx-backend-graphql_crm/crm/schema.py changed, reloading.
Watching for file changes with StatReloader
Performing system checks...

System check identified no issues (0 silenced).
January 10, 2026 - 18:04:43
Django version 6.0, using settings 'alx_backend_graphql.settings'
Starting development server at http://127.0.0.1:8000/
Quit the server with CONTROL-C.

WARNING: This is a development server. Do not use it in a production setting. Use a production WSGI or ASGI server instead.
For more information on production servers see: https://docs.djangoproject.com/en/6.0/howto/deployment/
Bad Request: /graphql
[10/Jan/2026 18:04:44] "POST /graphql HTTP/1.1" 400 142
Bad Request: /graphql
[10/Jan/2026 18:04:44] "POST /graphql HTTP/1.1" 400 142
Bad Request: /graphql
[10/Jan/2026 18:04:44] "POST /graphql HTTP/1.1" 400 142
/root/alx/backend/alx-backend-graphql_crm/crm/schema.py changed, reloading.
Watching for file changes with StatReloader
Performing system checks...

System check identified no issues (0 silenced).
January 10, 2026 - 18:06:44
Django version 6.0, using settings 'alx_backend_graphql.settings'
Starting development server at http://127.0.0.1:8000/
Quit the server with CONTROL-C.

WARNING: This is a development server. Do not use it in a production setting. Use a production WSGI or ASGI server instead.
For more information on production servers see: https://docs.djangoproject.com/en/6.0/howto/deployment/
Bad Request: /graphql
[10/Jan/2026 18:06:51] "POST /graphql HTTP/1.1" 400 142
Bad Request: /graphql
[10/Jan/2026 18:06:51] "POST /graphql HTTP/1.1" 400 142
Bad Request: /graphql
[10/Jan/2026 18:06:52] "POST /graphql HTTP/1.1" 400 142
Bad Request: /graphql
[10/Jan/2026 18:06:52] "POST /graphql HTTP/1.1" 400 142
Bad Request: /graphql
[10/Jan/2026 18:06:52] "POST /graphql HTTP/1.1" 400 142
Bad Request: /graphql
[10/Jan/2026 18:06:52] "POST /graphql HTTP/1.1" 400 142
Bad Request: /graphql
[10/Jan/2026 18:06:52] "POST /graphql HTTP/1.1" 400 142
Bad Request: /graphql
[10/Jan/2026 18:06:52] "POST /graphql HTTP/1.1" 400 142
Bad Request: /graphql
[10/Jan/2026 18:06:53] "POST /graphql HTTP/1.1" 400 142
Bad Request: /graphql
[10/Jan/2026 18:07:48] "POST /graphql HTTP/1.1" 400 142
Bad Request: /graphql
[10/Jan/2026 18:06:53] "POST /graphql HTTP/1.1" 400 142
Bad Request: /graphql
[10/Jan/2026 18:06:53] "POST /graphql HTTP/1.1" 400 142
/root/alx/backend/alx-backend-graphql_crm/crm/filters.py changed, reloading.
Watching for file changes with StatReloader
Performing system checks...

System check identified no issues (0 silenced).
January 10, 2026 - 18:10:15
Django version 6.0, using settings 'alx_backend_graphql.settings'
Starting development server at http://127.0.0.1:8000/
Quit the server with CONTROL-C.

WARNING: This is a development server. Do not use it in a production setting. Use a production WSGI or ASGI server instead.
For more information on production servers see: https://docs.djangoproject.com/en/6.0/howto/deployment/
Bad Request: /graphql
[10/Jan/2026 18:10:29] "POST /graphql HTTP/1.1" 400 127
[10/Jan/2026 18:15:55] "POST /graphql HTTP/1.1" 200 144
